<?xml version="1.0" encoding="UTF-8"?>
<!-- Generated by org.testng.reporters.JUnitXMLReporter -->
<testsuite ignored="0" hostname="18039--QA--POY" failures="0" tests="4" name="Default test" time="4.827" errors="0" timestamp="2023-08-28T14:12:22 IST">
  <testcase classname="org.ApiRequests.TestApi" name="GetBBd" time="1.578"/>
  <testcase classname="org.ApiRequests.TestApi" name="PostBDD" time="0.973"/>
  <testcase classname="org.ApiRequests.TestApi" name="PUTBDD" time="1.221"/>
  <testcase classname="org.ApiRequests.TestApi" name="DeletBDD" time="1.022"/>
</testsuite> <!-- Default test -->
